{
  "RSpec": {
    "coverage": {
      "/Users/student/Dropbox/Projects/week10/gilded-rose-tech-test/spec/gilded_rose_spec.rb": [
        1,
        null,
        1,
        1,
        1,
        1,
        1,
        1,
        null,
        null,
        1,
        1,
        1,
        1,
        1,
        null,
        null,
        1,
        1,
        1,
        1,
        null,
        null,
        null,
        1,
        1,
        1,
        1,
        1,
        1,
        null,
        null,
        1,
        1,
        1,
        1,
        1,
        null,
        null,
        1,
        1,
        1,
        1,
        1,
        1,
        1,
        1,
        null,
        null,
        null,
        null
      ],
      "/Users/student/Dropbox/Projects/week10/gilded-rose-tech-test/lib/gilded_rose.rb": [
        1,
        null,
        1,
        7,
        null,
        null,
        1,
        7,
        7,
        3,
        2,
        0,
        null,
        null,
        null,
        4,
        3,
        3,
        0,
        0,
        0,
        null,
        null,
        0,
        0,
        0,
        null,
        null,
        null,
        null,
        null,
        7,
        5,
        null,
        7,
        4,
        2,
        2,
        1,
        0,
        null,
        null,
        null,
        0,
        null,
        null,
        2,
        2,
        null,
        null,
        null,
        null,
        null,
        null,
        null,
        1,
        1,
        null,
        1,
        6,
        6,
        6,
        null,
        null,
        1,
        0,
        null,
        null
      ]
    },
    "timestamp": 1557421401
  }
}
